2018-12-14 00:02:40,029 INFO o.s.b.StartupInfoLogger [restartedMain] Starting Application on ctw-sj-asharma with PID 12540 (B:\test_projects\sbggraph\target\classes started by asharma in B:\test_projects\sbggraph)
2018-12-14 00:02:40,041 INFO o.s.b.SpringApplication [restartedMain] No active profile set, falling back to default profiles: default
2018-12-14 00:02:40,163 INFO o.s.b.l.DeferredLog [restartedMain] Devtools property defaults active! Set 'spring.devtools.add-properties' to 'false' to disable
2018-12-14 00:02:40,165 INFO o.s.b.l.DeferredLog [restartedMain] For additional web related logging consider setting the 'logging.level.web' property to 'DEBUG'
2018-12-14 00:02:44,192 INFO o.s.b.w.e.t.TomcatWebServer [restartedMain] Tomcat initialized with port(s): 8085 (http)
2018-12-14 00:02:44,232 INFO o.a.j.l.DirectJDKLog [restartedMain] Initializing ProtocolHandler ["http-nio-8085"]
2018-12-14 00:02:44,257 INFO o.a.j.l.DirectJDKLog [restartedMain] Starting service [Tomcat]
2018-12-14 00:02:44,259 INFO o.a.j.l.DirectJDKLog [restartedMain] Starting Servlet Engine: Apache Tomcat/9.0.13
2018-12-14 00:02:44,287 INFO o.a.j.l.DirectJDKLog [restartedMain] The APR based Apache Tomcat Native library which allows optimal performance in production environments was not found on the java.library.path: [C:\Program Files\Java\jdk1.8.0_191\jre\bin;C:\WINDOWS\Sun\Java\bin;C:\WINDOWS\system32;C:\WINDOWS;C:/Program Files/Java/jre1.8.0_191/bin/server;C:/Program Files/Java/jre1.8.0_191/bin;C:/Program Files/Java/jre1.8.0_191/lib/amd64;C:\Program Files (x86)\Common Files\Oracle\Java\javapath;C:\WINDOWS\system32;C:\WINDOWS;C:\WINDOWS\System32\Wbem;C:\WINDOWS\System32\WindowsPowerShell\v1.0\;C:\WINDOWS\System32\OpenSSH\;C:\Users\asharma\AppData\Local\Microsoft\WindowsApps;;B:\Eclipse\eclipse;;.]
2018-12-14 00:02:44,506 INFO o.a.j.l.DirectJDKLog [restartedMain] Initializing Spring embedded WebApplicationContext
2018-12-14 00:02:44,507 INFO o.s.b.w.s.c.ServletWebServerApplicationContext [restartedMain] Root WebApplicationContext: initialization completed in 4341 ms
2018-12-14 00:02:45,681 INFO o.s.s.c.ExecutorConfigurationSupport [restartedMain] Initializing ExecutorService 'applicationTaskExecutor'
2018-12-14 00:02:45,986 INFO o.s.b.a.w.s.WelcomePageHandlerMapping [restartedMain] Adding welcome page template: index
2018-12-14 00:02:46,421 INFO o.s.b.d.a.OptionalLiveReloadServer [restartedMain] LiveReload server is running on port 35729
2018-12-14 00:02:46,524 INFO o.s.b.a.e.w.EndpointLinksResolver [restartedMain] Exposing 16 endpoint(s) beneath base path '/actuator'
2018-12-14 00:02:46,768 INFO o.a.j.l.DirectJDKLog [restartedMain] Starting ProtocolHandler ["http-nio-8085"]
2018-12-14 00:02:46,818 INFO o.a.j.l.DirectJDKLog [restartedMain] Using a shared selector for servlet write/read
2018-12-14 00:02:47,195 INFO o.s.b.w.e.t.TomcatWebServer [restartedMain] Tomcat started on port(s): 8085 (http) with context path '/sbggraph'
2018-12-14 00:02:47,208 INFO o.s.b.StartupInfoLogger [restartedMain] Started Application in 8.116 seconds (JVM running for 11.255)
2018-12-14 00:02:55,038 INFO o.a.j.l.DirectJDKLog [http-nio-8085-exec-10] Initializing Spring DispatcherServlet 'dispatcherServlet'
2018-12-14 00:02:55,038 INFO o.s.w.s.FrameworkServlet [http-nio-8085-exec-10] Initializing Servlet 'dispatcherServlet'
2018-12-14 00:02:55,055 INFO o.s.w.s.FrameworkServlet [http-nio-8085-exec-10] Completed initialization in 16 ms
2018-12-14 00:03:00,428 INFO o.c.d.w.i.c.DataImportController [http-nio-8085-exec-6] Received following request from client to process the data import: DBInputForm [orionDatabasePath=B:\test_projects\orion_db.csv, magellanDatabasePath=B:\test_projects\magellan_db.csv]
2018-12-14 00:03:00,432 INFO o.c.d.d.s.DataImportServiceImpl [http-nio-8085-exec-6] Starting the import processing. Validating the given DB Paths.
2018-12-14 00:03:00,448 INFO o.c.d.d.s.OrionDataImportTask [pool-2-thread-1] Starting import from the Orion DB.
2018-12-14 00:03:00,450 INFO o.c.d.d.s.MagellanDataImportTask [pool-2-thread-2] Starting import from the Magellan DB.
2018-12-14 00:03:00,717 INFO o.c.d.d.s.OrionDataImportTask [pool-2-thread-1] Following records fetched from the Orion DB: 
[Customer [name=John Smith, street= "10 A st", zip= "95051", phone= "939 111 6121", email= "J@smith.ca"], Customer [name=Johnny G, street= "200 1st st", zip= "33838", phone= "303 111 2121", email= "J@galt.ca"], Customer [name=Laura Smith, street= "10 A st", zip= "95051", phone= "939 111 6121", email= "L@smith.com"], Customer [name=Mr. Roark, street= "14 Main St", zip= "95112", phone= "650 555 5555", email= "H@roark.net]]
2018-12-14 00:03:00,718 INFO o.c.d.d.s.OrionDataImportTask [pool-2-thread-1] Pushing these records into the Data Stream.
2018-12-14 00:03:00,720 INFO o.c.d.d.s.OrionDataImportTask [pool-2-thread-1] Done Pushing these records into the Data Stream.
2018-12-14 00:03:00,723 INFO o.c.d.d.s.OrionDataImportTask [pool-2-thread-1] Finished import from the Orion DB.
2018-12-14 00:03:00,724 INFO o.c.d.d.OnlineDataProcessingServie [Thread-5] OnlineDataProcessingServie is processing following data.Customer [name=John Smith, street= "10 A st", zip= "95051", phone= "939 111 6121", email= "J@smith.ca"]
2018-12-14 00:03:00,725 INFO o.c.d.d.OnlineDataProcessingServie [Thread-5] OnlineDataProcessingServie is backing up following data for offline processing.Customer [name=John Smith, street= "10 A st", zip= "95051", phone= "939 111 6121", email= "J@smith.ca"]
2018-12-14 00:03:00,727 INFO o.c.d.d.OnlineDataProcessingServie [Thread-5] OnlineDataProcessingServie is done with backing up following data for offline processing.Customer [name=John Smith, street= "10 A st", zip= "95051", phone= "939 111 6121", email= "J@smith.ca"]
2018-12-14 00:03:00,726 INFO o.c.d.d.s.MagellanDataImportTask [pool-2-thread-2] Following records fetched from the Magellan DB: 
[Customer [name=John Galt, street= "200 First st", zip= "33838-5592", phone= null, email= "J@galt.ca"], Customer [name=Howard Roark, street= "14 Main St", zip= "95112", phone= "(650)-555 5555", email= "H@roark.net"], Customer [name=Laura Smith, street= "10 A st", zip= "95051", phone= "939-111-6121", email= "Laura@smith.com"]]
2018-12-14 00:03:00,728 INFO o.c.d.d.OnlineDataProcessingServie [Thread-5] OnlineDataProcessingServie is finding the matching data for: Customer [name=John Smith, street= "10 A st", zip= "95051", phone= "939 111 6121", email= "J@smith.ca"]
2018-12-14 00:03:00,728 INFO o.c.d.d.s.MagellanDataImportTask [pool-2-thread-2] Pushing these records into the Data Stream.
2018-12-14 00:03:00,731 INFO o.c.d.d.s.MagellanDataImportTask [pool-2-thread-2] Done Pushing these records into the Data Stream.
2018-12-14 00:03:00,732 INFO o.c.d.d.s.MagellanDataImportTask [pool-2-thread-2] Finished import from the Magellan DB.
2018-12-14 00:03:00,733 INFO o.c.d.d.OnlineDataProcessingServie [Thread-5] OnlineDataProcessingServie found following matching data:
[]
for: Customer [name=John Smith, street= "10 A st", zip= "95051", phone= "939 111 6121", email= "J@smith.ca"]
2018-12-14 00:03:00,735 INFO o.c.d.d.OnlineDataProcessingServie [Thread-5] OnlineDataProcessingServie prepared following data to add to the GraphDB: GraphDataModel [graphData={Vertex [data=Customer [name=John Smith, street= "10 A st", zip= "95051", phone= "939 111 6121", email= "J@smith.ca"]]=[]}]
2018-12-14 00:03:00,739 INFO o.c.d.d.OnlineDataProcessingServie [Thread-5] OnlineDataProcessingServie added following data to the GraphDB: GraphDataModel [graphData={Vertex [data=Customer [name=John Smith, street= "10 A st", zip= "95051", phone= "939 111 6121", email= "J@smith.ca"]]=[]}]
2018-12-14 00:03:00,741 INFO o.c.d.d.OnlineDataProcessingServie [Thread-5] OnlineDataProcessingServie is done processing following data.Customer [name=John Smith, street= "10 A st", zip= "95051", phone= "939 111 6121", email= "J@smith.ca"]
2018-12-14 00:03:00,742 INFO o.c.d.d.OnlineDataProcessingServie [Thread-5] OnlineDataProcessingServie is processing following data.Customer [name=Johnny G, street= "200 1st st", zip= "33838", phone= "303 111 2121", email= "J@galt.ca"]
2018-12-14 00:03:00,742 INFO o.c.d.d.OnlineDataProcessingServie [Thread-5] OnlineDataProcessingServie is backing up following data for offline processing.Customer [name=Johnny G, street= "200 1st st", zip= "33838", phone= "303 111 2121", email= "J@galt.ca"]
2018-12-14 00:03:00,743 INFO o.c.d.d.OnlineDataProcessingServie [Thread-5] OnlineDataProcessingServie is done with backing up following data for offline processing.Customer [name=Johnny G, street= "200 1st st", zip= "33838", phone= "303 111 2121", email= "J@galt.ca"]
2018-12-14 00:03:00,744 INFO o.c.d.d.OnlineDataProcessingServie [Thread-5] OnlineDataProcessingServie is finding the matching data for: Customer [name=Johnny G, street= "200 1st st", zip= "33838", phone= "303 111 2121", email= "J@galt.ca"]
2018-12-14 00:03:00,753 INFO o.c.d.d.OnlineDataProcessingServie [Thread-5] OnlineDataProcessingServie found following matching data:
[]
for: Customer [name=Johnny G, street= "200 1st st", zip= "33838", phone= "303 111 2121", email= "J@galt.ca"]
2018-12-14 00:03:00,754 INFO o.c.d.d.OnlineDataProcessingServie [Thread-5] OnlineDataProcessingServie prepared following data to add to the GraphDB: GraphDataModel [graphData={Vertex [data=Customer [name=Johnny G, street= "200 1st st", zip= "33838", phone= "303 111 2121", email= "J@galt.ca"]]=[]}]
2018-12-14 00:03:00,755 INFO o.c.d.d.OnlineDataProcessingServie [Thread-5] OnlineDataProcessingServie added following data to the GraphDB: GraphDataModel [graphData={Vertex [data=Customer [name=Johnny G, street= "200 1st st", zip= "33838", phone= "303 111 2121", email= "J@galt.ca"]]=[]}]
2018-12-14 00:03:00,755 INFO o.c.d.d.OnlineDataProcessingServie [Thread-5] OnlineDataProcessingServie is done processing following data.Customer [name=Johnny G, street= "200 1st st", zip= "33838", phone= "303 111 2121", email= "J@galt.ca"]
2018-12-14 00:03:00,756 INFO o.c.d.d.OnlineDataProcessingServie [Thread-5] OnlineDataProcessingServie is processing following data.Customer [name=Laura Smith, street= "10 A st", zip= "95051", phone= "939 111 6121", email= "L@smith.com"]
2018-12-14 00:03:00,756 INFO o.c.d.d.OnlineDataProcessingServie [Thread-5] OnlineDataProcessingServie is backing up following data for offline processing.Customer [name=Laura Smith, street= "10 A st", zip= "95051", phone= "939 111 6121", email= "L@smith.com"]
2018-12-14 00:03:00,757 INFO o.c.d.d.OnlineDataProcessingServie [Thread-5] OnlineDataProcessingServie is done with backing up following data for offline processing.Customer [name=Laura Smith, street= "10 A st", zip= "95051", phone= "939 111 6121", email= "L@smith.com"]
2018-12-14 00:03:00,758 INFO o.c.d.d.OnlineDataProcessingServie [Thread-5] OnlineDataProcessingServie is finding the matching data for: Customer [name=Laura Smith, street= "10 A st", zip= "95051", phone= "939 111 6121", email= "L@smith.com"]
2018-12-14 00:03:00,765 INFO o.c.d.d.OnlineDataProcessingServie [Thread-5] OnlineDataProcessingServie found following matching data:
[Customer [name=John Smith, street= "10 A st", zip= "95051", phone= "939 111 6121", email= "J@smith.ca"]]
for: Customer [name=Laura Smith, street= "10 A st", zip= "95051", phone= "939 111 6121", email= "L@smith.com"]
2018-12-14 00:03:00,766 INFO o.c.d.d.OnlineDataProcessingServie [Thread-5] OnlineDataProcessingServie prepared following data to add to the GraphDB: GraphDataModel [graphData={Vertex [data=Customer [name=Laura Smith, street= "10 A st", zip= "95051", phone= "939 111 6121", email= "L@smith.com"]]=[Vertex [data=Customer [name=John Smith, street= "10 A st", zip= "95051", phone= "939 111 6121", email= "J@smith.ca"]]]}]
2018-12-14 00:03:00,770 INFO o.c.d.d.OnlineDataProcessingServie [Thread-5] OnlineDataProcessingServie added following data to the GraphDB: GraphDataModel [graphData={Vertex [data=Customer [name=Laura Smith, street= "10 A st", zip= "95051", phone= "939 111 6121", email= "L@smith.com"]]=[Vertex [data=Customer [name=John Smith, street= "10 A st", zip= "95051", phone= "939 111 6121", email= "J@smith.ca"]]]}]
2018-12-14 00:03:00,771 INFO o.c.d.d.OnlineDataProcessingServie [Thread-5] OnlineDataProcessingServie is done processing following data.Customer [name=Laura Smith, street= "10 A st", zip= "95051", phone= "939 111 6121", email= "L@smith.com"]
2018-12-14 00:03:00,772 INFO o.c.d.d.OnlineDataProcessingServie [Thread-5] OnlineDataProcessingServie is processing following data.Customer [name=Mr. Roark, street= "14 Main St", zip= "95112", phone= "650 555 5555", email= "H@roark.net]
2018-12-14 00:03:00,772 INFO o.c.d.d.OnlineDataProcessingServie [Thread-5] OnlineDataProcessingServie is backing up following data for offline processing.Customer [name=Mr. Roark, street= "14 Main St", zip= "95112", phone= "650 555 5555", email= "H@roark.net]
2018-12-14 00:03:00,774 INFO o.c.d.d.OnlineDataProcessingServie [Thread-5] OnlineDataProcessingServie is done with backing up following data for offline processing.Customer [name=Mr. Roark, street= "14 Main St", zip= "95112", phone= "650 555 5555", email= "H@roark.net]
2018-12-14 00:03:00,774 INFO o.c.d.d.OnlineDataProcessingServie [Thread-5] OnlineDataProcessingServie is finding the matching data for: Customer [name=Mr. Roark, street= "14 Main St", zip= "95112", phone= "650 555 5555", email= "H@roark.net]
2018-12-14 00:03:00,778 INFO o.c.d.d.OnlineDataProcessingServie [Thread-5] OnlineDataProcessingServie found following matching data:
[]
for: Customer [name=Mr. Roark, street= "14 Main St", zip= "95112", phone= "650 555 5555", email= "H@roark.net]
2018-12-14 00:03:00,779 INFO o.c.d.d.OnlineDataProcessingServie [Thread-5] OnlineDataProcessingServie prepared following data to add to the GraphDB: GraphDataModel [graphData={Vertex [data=Customer [name=Mr. Roark, street= "14 Main St", zip= "95112", phone= "650 555 5555", email= "H@roark.net]]=[]}]
2018-12-14 00:03:00,780 INFO o.c.d.d.OnlineDataProcessingServie [Thread-5] OnlineDataProcessingServie added following data to the GraphDB: GraphDataModel [graphData={Vertex [data=Customer [name=Mr. Roark, street= "14 Main St", zip= "95112", phone= "650 555 5555", email= "H@roark.net]]=[]}]
2018-12-14 00:03:00,780 INFO o.c.d.d.OnlineDataProcessingServie [Thread-5] OnlineDataProcessingServie is done processing following data.Customer [name=Mr. Roark, street= "14 Main St", zip= "95112", phone= "650 555 5555", email= "H@roark.net]
2018-12-14 00:03:00,781 INFO o.c.d.d.OnlineDataProcessingServie [Thread-5] OnlineDataProcessingServie is processing following data.Customer [name=John Galt, street= "200 First st", zip= "33838-5592", phone= null, email= "J@galt.ca"]
2018-12-14 00:03:00,781 INFO o.c.d.d.OnlineDataProcessingServie [Thread-5] OnlineDataProcessingServie is backing up following data for offline processing.Customer [name=John Galt, street= "200 First st", zip= "33838-5592", phone= null, email= "J@galt.ca"]
2018-12-14 00:03:00,782 INFO o.c.d.d.OnlineDataProcessingServie [Thread-5] OnlineDataProcessingServie is done with backing up following data for offline processing.Customer [name=John Galt, street= "200 First st", zip= "33838-5592", phone= null, email= "J@galt.ca"]
2018-12-14 00:03:00,782 INFO o.c.d.d.OnlineDataProcessingServie [Thread-5] OnlineDataProcessingServie is finding the matching data for: Customer [name=John Galt, street= "200 First st", zip= "33838-5592", phone= null, email= "J@galt.ca"]
2018-12-14 00:03:00,798 INFO o.c.d.d.OnlineDataProcessingServie [Thread-5] OnlineDataProcessingServie found following matching data:
[Customer [name=Johnny G, street= "200 1st st", zip= "33838", phone= "303 111 2121", email= "J@galt.ca"]]
for: Customer [name=John Galt, street= "200 First st", zip= "33838-5592", phone= null, email= "J@galt.ca"]
2018-12-14 00:03:00,798 INFO o.c.d.d.OnlineDataProcessingServie [Thread-5] OnlineDataProcessingServie prepared following data to add to the GraphDB: GraphDataModel [graphData={Vertex [data=Customer [name=John Galt, street= "200 First st", zip= "33838-5592", phone= null, email= "J@galt.ca"]]=[Vertex [data=Customer [name=Johnny G, street= "200 1st st", zip= "33838", phone= "303 111 2121", email= "J@galt.ca"]]]}]
2018-12-14 00:03:00,799 INFO o.c.d.d.OnlineDataProcessingServie [Thread-5] OnlineDataProcessingServie added following data to the GraphDB: GraphDataModel [graphData={Vertex [data=Customer [name=John Galt, street= "200 First st", zip= "33838-5592", phone= null, email= "J@galt.ca"]]=[Vertex [data=Customer [name=Johnny G, street= "200 1st st", zip= "33838", phone= "303 111 2121", email= "J@galt.ca"]]]}]
2018-12-14 00:03:00,799 INFO o.c.d.d.OnlineDataProcessingServie [Thread-5] OnlineDataProcessingServie is done processing following data.Customer [name=John Galt, street= "200 First st", zip= "33838-5592", phone= null, email= "J@galt.ca"]
2018-12-14 00:03:00,800 INFO o.c.d.d.OnlineDataProcessingServie [Thread-5] OnlineDataProcessingServie is processing following data.Customer [name=Howard Roark, street= "14 Main St", zip= "95112", phone= "(650)-555 5555", email= "H@roark.net"]
2018-12-14 00:03:00,800 INFO o.c.d.d.OnlineDataProcessingServie [Thread-5] OnlineDataProcessingServie is backing up following data for offline processing.Customer [name=Howard Roark, street= "14 Main St", zip= "95112", phone= "(650)-555 5555", email= "H@roark.net"]
2018-12-14 00:03:00,801 INFO o.c.d.d.OnlineDataProcessingServie [Thread-5] OnlineDataProcessingServie is done with backing up following data for offline processing.Customer [name=Howard Roark, street= "14 Main St", zip= "95112", phone= "(650)-555 5555", email= "H@roark.net"]
2018-12-14 00:03:00,801 INFO o.c.d.d.OnlineDataProcessingServie [Thread-5] OnlineDataProcessingServie is finding the matching data for: Customer [name=Howard Roark, street= "14 Main St", zip= "95112", phone= "(650)-555 5555", email= "H@roark.net"]
2018-12-14 00:03:00,806 INFO o.c.d.d.OnlineDataProcessingServie [Thread-5] OnlineDataProcessingServie found following matching data:
[Customer [name=Mr. Roark, street= "14 Main St", zip= "95112", phone= "650 555 5555", email= "H@roark.net]]
for: Customer [name=Howard Roark, street= "14 Main St", zip= "95112", phone= "(650)-555 5555", email= "H@roark.net"]
2018-12-14 00:03:00,807 INFO o.c.d.d.OnlineDataProcessingServie [Thread-5] OnlineDataProcessingServie prepared following data to add to the GraphDB: GraphDataModel [graphData={Vertex [data=Customer [name=Howard Roark, street= "14 Main St", zip= "95112", phone= "(650)-555 5555", email= "H@roark.net"]]=[Vertex [data=Customer [name=Mr. Roark, street= "14 Main St", zip= "95112", phone= "650 555 5555", email= "H@roark.net]]]}]
2018-12-14 00:03:00,808 INFO o.c.d.d.OnlineDataProcessingServie [Thread-5] OnlineDataProcessingServie added following data to the GraphDB: GraphDataModel [graphData={Vertex [data=Customer [name=Howard Roark, street= "14 Main St", zip= "95112", phone= "(650)-555 5555", email= "H@roark.net"]]=[Vertex [data=Customer [name=Mr. Roark, street= "14 Main St", zip= "95112", phone= "650 555 5555", email= "H@roark.net]]]}]
2018-12-14 00:03:00,808 INFO o.c.d.d.OnlineDataProcessingServie [Thread-5] OnlineDataProcessingServie is done processing following data.Customer [name=Howard Roark, street= "14 Main St", zip= "95112", phone= "(650)-555 5555", email= "H@roark.net"]
2018-12-14 00:03:00,809 INFO o.c.d.d.OnlineDataProcessingServie [Thread-5] OnlineDataProcessingServie is processing following data.Customer [name=Laura Smith, street= "10 A st", zip= "95051", phone= "939-111-6121", email= "Laura@smith.com"]
2018-12-14 00:03:00,809 INFO o.c.d.d.OnlineDataProcessingServie [Thread-5] OnlineDataProcessingServie is backing up following data for offline processing.Customer [name=Laura Smith, street= "10 A st", zip= "95051", phone= "939-111-6121", email= "Laura@smith.com"]
2018-12-14 00:03:00,810 INFO o.c.d.d.OnlineDataProcessingServie [Thread-5] OnlineDataProcessingServie is done with backing up following data for offline processing.Customer [name=Laura Smith, street= "10 A st", zip= "95051", phone= "939-111-6121", email= "Laura@smith.com"]
2018-12-14 00:03:00,818 INFO o.c.d.d.OnlineDataProcessingServie [Thread-5] OnlineDataProcessingServie is finding the matching data for: Customer [name=Laura Smith, street= "10 A st", zip= "95051", phone= "939-111-6121", email= "Laura@smith.com"]
2018-12-14 00:03:00,824 INFO o.c.d.d.OnlineDataProcessingServie [Thread-5] OnlineDataProcessingServie found following matching data:
[Customer [name=Laura Smith, street= "10 A st", zip= "95051", phone= "939 111 6121", email= "L@smith.com"], Customer [name=John Smith, street= "10 A st", zip= "95051", phone= "939 111 6121", email= "J@smith.ca"]]
for: Customer [name=Laura Smith, street= "10 A st", zip= "95051", phone= "939-111-6121", email= "Laura@smith.com"]
2018-12-14 00:03:00,825 INFO o.c.d.d.OnlineDataProcessingServie [Thread-5] OnlineDataProcessingServie prepared following data to add to the GraphDB: GraphDataModel [graphData={Vertex [data=Customer [name=Laura Smith, street= "10 A st", zip= "95051", phone= "939-111-6121", email= "Laura@smith.com"]]=[Vertex [data=Customer [name=John Smith, street= "10 A st", zip= "95051", phone= "939 111 6121", email= "J@smith.ca"]], Vertex [data=Customer [name=Laura Smith, street= "10 A st", zip= "95051", phone= "939 111 6121", email= "L@smith.com"]]]}]
2018-12-14 00:03:00,827 INFO o.c.d.d.OnlineDataProcessingServie [Thread-5] OnlineDataProcessingServie added following data to the GraphDB: GraphDataModel [graphData={Vertex [data=Customer [name=Laura Smith, street= "10 A st", zip= "95051", phone= "939-111-6121", email= "Laura@smith.com"]]=[Vertex [data=Customer [name=John Smith, street= "10 A st", zip= "95051", phone= "939 111 6121", email= "J@smith.ca"]], Vertex [data=Customer [name=Laura Smith, street= "10 A st", zip= "95051", phone= "939 111 6121", email= "L@smith.com"]]]}]
2018-12-14 00:03:00,831 INFO o.c.d.d.OnlineDataProcessingServie [Thread-5] OnlineDataProcessingServie is done processing following data.Customer [name=Laura Smith, street= "10 A st", zip= "95051", phone= "939-111-6121", email= "Laura@smith.com"]
2018-12-14 00:03:28,261 INFO o.s.s.c.ExecutorConfigurationSupport [Thread-13] Shutting down ExecutorService 'applicationTaskExecutor'
2018-12-14 00:03:28,269 INFO o.c.d.a.Application [Thread-13] Exiting the APP. Finishing up the cleanup activity.
2018-12-14 00:03:28,270 INFO o.c.d.a.Application [Thread-13] Shutting Down application's task executor.
2018-12-14 00:03:28,270 INFO o.c.d.a.Application [Thread-13] Exiting the APP. Done with the cleanup activity.
